2022-06-26 13:24:08,909 ERROR Horse: Name is blank
2022-06-26 13:24:26,922 ERROR Horse: Name is blank
2022-06-26 13:25:19,171 ERROR Horse: Name is blank
2022-06-26 13:25:57,637 ERROR Horse: Name is null
2022-06-26 13:25:57,649 ERROR Horse: Name is null
2022-06-26 13:54:31,287 ERROR Horse: Name is null
2022-06-26 13:54:31,306 ERROR Horse: Name is null
2022-06-26 13:54:46,120 ERROR Horse: Name is null
2022-06-26 13:54:46,139 ERROR Horse: Name is null
2022-06-26 13:55:31,761 ERROR Horse: Name is null
2022-06-26 13:55:31,777 ERROR Horse: Name is null
2022-06-26 13:56:37,695 ERROR Horse: Name is blank
2022-06-26 13:56:48,689 ERROR Horse: Name is blank
2022-06-26 13:58:09,516 ERROR Horse: Speed is negative
2022-06-26 13:58:09,559 ERROR Horse: Speed is negative
2022-06-26 13:58:21,327 ERROR Horse: Speed is negative
2022-06-26 13:59:03,263 ERROR Horse: Speed is negative
2022-06-26 13:59:50,532 ERROR Horse: Distance is negative
2022-06-26 13:59:55,268 ERROR Horse: Distance is negative
2022-06-26 13:59:59,626 ERROR Horse: Distance is negative
2022-06-26 14:01:00,741 ERROR Hippodrome: Horses list is empty
2022-06-26 14:02:07,766 DEBUG Hippodrome: Создание Hippodrome, лошадей [49]
2022-06-26 14:03:12,823 DEBUG Hippodrome: Создание Hippodrome, лошадей [3]
2022-06-26 14:03:24,334 DEBUG Hippodrome: Создание Hippodrome, лошадей [3]
2022-06-26 15:11:42,009 DEBUG Hippodrome: Создание Hippodrome, лошадей [7]
2022-06-26 15:11:42,009 INFO  Main: Начало скачек. Количество участников: 7
2022-06-26 15:12:02,431 INFO  Main: Окончание скачек. Победитель:Пегас
